


ARM Macro Assembler    Page 1 


    1 00000000         ;/*!
    2 00000000         ; * @file       startup_apm32e10x_hd.s
    3 00000000         ; *
    4 00000000         ; * @brief      CMSIS Cortex-M3 based Core Device Startu
                       p File for Device apm32e10x
    5 00000000         ; *
    6 00000000         ; * @version    V1.0.0
    7 00000000         ; *
    8 00000000         ; * @date       2021-07-26
    9 00000000         ; *
   10 00000000         ; */
   11 00000000         
   12 00000000         ; <h> Stack Configuration
   13 00000000         ;   <o> Stack Size (in Bytes) <0x0-0xFFFFFFFF:8>
   14 00000000         ; </h>
   15 00000000         
   16 00000000 00000400 
                       Stack_Size
                               EQU              0x00000400
   17 00000000         
   18 00000000                 AREA             STACK, NOINIT, READWRITE, ALIGN
=3
   19 00000000         Stack_Mem
                               SPACE            Stack_Size
   20 00000400         __initial_sp
   21 00000400         
   22 00000400         
   23 00000400         ; <h> Heap Configuration
   24 00000400         ;   <o>  Heap Size (in Bytes) <0x0-0xFFFFFFFF:8>
   25 00000400         ; </h>
   26 00000400         
   27 00000400 00000200 
                       Heap_Size
                               EQU              0x00000200
   28 00000400         
   29 00000400                 AREA             HEAP, NOINIT, READWRITE, ALIGN=
3
   30 00000000         __heap_base
   31 00000000         Heap_Mem
                               SPACE            Heap_Size
   32 00000200         __heap_limit
   33 00000200         
   34 00000200                 PRESERVE8
   35 00000200                 THUMB
   36 00000200         
   37 00000200         
   38 00000200         ; Vector Table Mapped to Address 0 at Reset
   39 00000200                 AREA             RESET, DATA, READONLY
   40 00000000                 EXPORT           __Vectors
   41 00000000                 EXPORT           __Vectors_End
   42 00000000                 EXPORT           __Vectors_Size
   43 00000000         
   44 00000000 00000000 
                       __Vectors
                               DCD              __initial_sp ; Top of Stack
   45 00000004 00000000        DCD              Reset_Handler ; Reset Handler
   46 00000008 00000000        DCD              NMI_Handler ; NMI Handler
   47 0000000C 00000000        DCD              HardFault_Handler ; Hard Fault 
                                                            Handler



ARM Macro Assembler    Page 2 


   48 00000010 00000000        DCD              MemManage_Handler 
                                                            ; MPU Fault Handler
                                                            
   49 00000014 00000000        DCD              BusFault_Handler 
                                                            ; Bus Fault Handler
                                                            
   50 00000018 00000000        DCD              UsageFault_Handler ; Usage Faul
                                                            t Handler
   51 0000001C 00000000        DCD              0           ; Reserved
   52 00000020 00000000        DCD              0           ; Reserved
   53 00000024 00000000        DCD              0           ; Reserved
   54 00000028 00000000        DCD              0           ; Reserved
   55 0000002C 00000000        DCD              SVC_Handler ; SVCall Handler
   56 00000030 00000000        DCD              DebugMon_Handler ; Debug Monito
                                                            r Handler
   57 00000034 00000000        DCD              0           ; Reserved
   58 00000038 00000000        DCD              PendSV_Handler ; PendSV Handler
                                                            
   59 0000003C 00000000        DCD              SysTick_Handler 
                                                            ; SysTick Handler
   60 00000040         
   61 00000040         ; External Interrupts
   62 00000040 00000000        DCD              WWDT_IRQHandler 
                                                            ; Window Watchdog
   63 00000044 00000000        DCD              PVD_IRQHandler ; PVD through EI
                                                            NT Line detect
   64 00000048 00000000        DCD              TAMPER_IRQHandler ; Tamper
   65 0000004C 00000000        DCD              RTC_IRQHandler ; RTC
   66 00000050 00000000        DCD              FMC_IRQHandler ; Flash
   67 00000054 00000000        DCD              RCM_IRQHandler ; RCM
   68 00000058 00000000        DCD              EINT0_IRQHandler ; EINT Line 0
   69 0000005C 00000000        DCD              EINT1_IRQHandler ; EINT Line 1
   70 00000060 00000000        DCD              EINT2_IRQHandler ; EINT Line 2
   71 00000064 00000000        DCD              EINT3_IRQHandler ; EINT Line 3
   72 00000068 00000000        DCD              EINT4_IRQHandler ; EINT Line 4
   73 0000006C 00000000        DCD              DMA1_Channel1_IRQHandler 
                                                            ; DMA1 Channel 1
   74 00000070 00000000        DCD              DMA1_Channel2_IRQHandler 
                                                            ; DMA1 Channel 2
   75 00000074 00000000        DCD              DMA1_Channel3_IRQHandler 
                                                            ; DMA1 Channel 3
   76 00000078 00000000        DCD              DMA1_Channel4_IRQHandler 
                                                            ; DMA1 Channel 4
   77 0000007C 00000000        DCD              DMA1_Channel5_IRQHandler 
                                                            ; DMA1 Channel 5
   78 00000080 00000000        DCD              DMA1_Channel6_IRQHandler 
                                                            ; DMA1 Channel 6
   79 00000084 00000000        DCD              DMA1_Channel7_IRQHandler 
                                                            ; DMA1 Channel 7
   80 00000088 00000000        DCD              ADC1_2_IRQHandler ; ADC1 & ADC2
                                                            
   81 0000008C 00000000        DCD              USBD1_HP_CAN1_TX_IRQHandler ; U
                                                            SBD1 High Priority 
                                                            or CAN1 TX
   82 00000090 00000000        DCD              USBD1_LP_CAN1_RX0_IRQHandler ; 
                                                            USBD1 Low  Priority
                                                             or CAN1 RX0
   83 00000094 00000000        DCD              CAN1_RX1_IRQHandler ; CAN1 RX1
   84 00000098 00000000        DCD              CAN1_SCE_IRQHandler ; CAN1 SCE



ARM Macro Assembler    Page 3 


   85 0000009C 00000000        DCD              EINT9_5_IRQHandler 
                                                            ; EINT Line 9..5
   86 000000A0 00000000        DCD              TMR1_BRK_IRQHandler 
                                                            ; TMR1 Break
   87 000000A4 00000000        DCD              TMR1_UP_IRQHandler 
                                                            ; TMR1 Update
   88 000000A8 00000000        DCD              TMR1_TRG_COM_IRQHandler ; TMR1 
                                                            Trigger and Commuta
                                                            tion
   89 000000AC 00000000        DCD              TMR1_CC_IRQHandler ; TMR1 Captu
                                                            re Compare
   90 000000B0 00000000        DCD              TMR2_IRQHandler ; TMR2
   91 000000B4 00000000        DCD              TMR3_IRQHandler ; TMR3
   92 000000B8 00000000        DCD              TMR4_IRQHandler ; TMR4
   93 000000BC 00000000        DCD              I2C1_EV_IRQHandler ; I2C1 Event
                                                            
   94 000000C0 00000000        DCD              I2C1_ER_IRQHandler ; I2C1 Error
                                                            
   95 000000C4 00000000        DCD              I2C2_EV_IRQHandler ; I2C2 Event
                                                            
   96 000000C8 00000000        DCD              I2C2_ER_IRQHandler ; I2C2 Error
                                                            
   97 000000CC 00000000        DCD              SPI1_IRQHandler ; SPI1
   98 000000D0 00000000        DCD              SPI2_IRQHandler ; SPI2
   99 000000D4 00000000        DCD              USART1_IRQHandler ; USART1
  100 000000D8 00000000        DCD              USART2_IRQHandler ; USART2
  101 000000DC 00000000        DCD              USART3_IRQHandler ; USART3
  102 000000E0 00000000        DCD              EINT15_10_IRQHandler 
                                                            ; EINT Line 15..10
  103 000000E4 00000000        DCD              RTCAlarm_IRQHandler ; RTC Alarm
                                                             through EINT Line
  104 000000E8 00000000        DCD              USBDWakeUp_IRQHandler ; USBD Wa
                                                            keup from suspend
  105 000000EC 00000000        DCD              TMR8_BRK_IRQHandler 
                                                            ; TMR8 Break
  106 000000F0 00000000        DCD              TMR8_UP_IRQHandler 
                                                            ; TMR8 Update
  107 000000F4 00000000        DCD              TMR8_TRG_COM_IRQHandler ; TMR8 
                                                            Trigger and Commuta
                                                            tion
  108 000000F8 00000000        DCD              TMR8_CC_IRQHandler ; TMR8 Captu
                                                            re Compare
  109 000000FC 00000000        DCD              ADC3_IRQHandler ; ADC3
  110 00000100 00000000        DCD              EMMC_IRQHandler ; EMMC
  111 00000104 00000000        DCD              SDIO_IRQHandler ; SDIO
  112 00000108 00000000        DCD              TMR5_IRQHandler ; TMR5
  113 0000010C 00000000        DCD              SPI3_IRQHandler ; SPI3
  114 00000110 00000000        DCD              UART4_IRQHandler ; UART4
  115 00000114 00000000        DCD              UART5_IRQHandler ; UART5
  116 00000118 00000000        DCD              TMR6_IRQHandler ; TMR6
  117 0000011C 00000000        DCD              TMR7_IRQHandler ; TMR7
  118 00000120 00000000        DCD              DMA2_Channel1_IRQHandler 
                                                            ; DMA2 Channel1
  119 00000124 00000000        DCD              DMA2_Channel2_IRQHandler 
                                                            ; DMA2 Channel2
  120 00000128 00000000        DCD              DMA2_Channel3_IRQHandler 
                                                            ; DMA2 Channel3
  121 0000012C 00000000        DCD              DMA2_Channel4_5_IRQHandler ; DM
                                                            A2 Channel4 & Chann



ARM Macro Assembler    Page 4 


                                                            el5
  122 00000130 00000000        DCD              0           ; Reserved
  123 00000134 00000000        DCD              USBD2_HP_CAN2_TX_IRQHandler ; U
                                                            SBD2 High Priority 
                                                            or CAN2 TX
  124 00000138 00000000        DCD              USBD2_LP_CAN2_RX0_IRQHandler ; 
                                                            USBD2 Low  Priority
                                                             or CAN2 RX0
  125 0000013C 00000000        DCD              CAN2_RX1_IRQHandler ; CAN2 RX1
  126 00000140 00000000        DCD              CAN2_SCE_IRQHandler ; CAN2 SCE
  127 00000144         __Vectors_End
  128 00000144         
  129 00000144 00000144 
                       __Vectors_Size
                               EQU              __Vectors_End - __Vectors
  130 00000144         
  131 00000144                 AREA             |.text|, CODE, READONLY
  132 00000000         
  133 00000000         ; Reset handler
  134 00000000         Reset_Handler
                               PROC
  135 00000000                 EXPORT           Reset_Handler                [W
EAK]
  136 00000000                 IMPORT           __main
  137 00000000                 IMPORT           SystemInit
  138 00000000 4809            LDR              R0, =SystemInit
  139 00000002 4780            BLX              R0
  140 00000004 4809            LDR              R0, =__main
  141 00000006 4700            BX               R0
  142 00000008                 ENDP
  143 00000008         
  144 00000008         ; Dummy Exception Handlers (infinite loops which can be 
                       modified)
  145 00000008         
  146 00000008         NMI_Handler
                               PROC
  147 00000008                 EXPORT           NMI_Handler                  [W
EAK]
  148 00000008 E7FE            B                .
  149 0000000A                 ENDP
  151 0000000A         HardFault_Handler
                               PROC
  152 0000000A                 EXPORT           HardFault_Handler            [W
EAK]
  153 0000000A E7FE            B                .
  154 0000000C                 ENDP
  156 0000000C         MemManage_Handler
                               PROC
  157 0000000C                 EXPORT           MemManage_Handler            [W
EAK]
  158 0000000C E7FE            B                .
  159 0000000E                 ENDP
  161 0000000E         BusFault_Handler
                               PROC
  162 0000000E                 EXPORT           BusFault_Handler             [W
EAK]
  163 0000000E E7FE            B                .
  164 00000010                 ENDP
  166 00000010         UsageFault_Handler



ARM Macro Assembler    Page 5 


                               PROC
  167 00000010                 EXPORT           UsageFault_Handler           [W
EAK]
  168 00000010 E7FE            B                .
  169 00000012                 ENDP
  170 00000012         SVC_Handler
                               PROC
  171 00000012                 EXPORT           SVC_Handler                  [W
EAK]
  172 00000012 E7FE            B                .
  173 00000014                 ENDP
  175 00000014         DebugMon_Handler
                               PROC
  176 00000014                 EXPORT           DebugMon_Handler             [W
EAK]
  177 00000014 E7FE            B                .
  178 00000016                 ENDP
  179 00000016         PendSV_Handler
                               PROC
  180 00000016                 EXPORT           PendSV_Handler               [W
EAK]
  181 00000016 E7FE            B                .
  182 00000018                 ENDP
  183 00000018         SysTick_Handler
                               PROC
  184 00000018                 EXPORT           SysTick_Handler              [W
EAK]
  185 00000018 E7FE            B                .
  186 0000001A                 ENDP
  187 0000001A         
  188 0000001A         Default_Handler
                               PROC
  189 0000001A         
  190 0000001A                 EXPORT           WWDT_IRQHandler              [W
EAK]
  191 0000001A                 EXPORT           PVD_IRQHandler               [W
EAK]
  192 0000001A                 EXPORT           TAMPER_IRQHandler            [W
EAK]
  193 0000001A                 EXPORT           RTC_IRQHandler               [W
EAK]
  194 0000001A                 EXPORT           FMC_IRQHandler               [W
EAK]
  195 0000001A                 EXPORT           RCM_IRQHandler               [W
EAK]
  196 0000001A                 EXPORT           EINT0_IRQHandler             [W
EAK]
  197 0000001A                 EXPORT           EINT1_IRQHandler             [W
EAK]
  198 0000001A                 EXPORT           EINT2_IRQHandler             [W
EAK]
  199 0000001A                 EXPORT           EINT3_IRQHandler             [W
EAK]
  200 0000001A                 EXPORT           EINT4_IRQHandler             [W
EAK]
  201 0000001A                 EXPORT           DMA1_Channel1_IRQHandler     [W
EAK]
  202 0000001A                 EXPORT           DMA1_Channel2_IRQHandler     [W
EAK]



ARM Macro Assembler    Page 6 


  203 0000001A                 EXPORT           DMA1_Channel3_IRQHandler     [W
EAK]
  204 0000001A                 EXPORT           DMA1_Channel4_IRQHandler     [W
EAK]
  205 0000001A                 EXPORT           DMA1_Channel5_IRQHandler     [W
EAK]
  206 0000001A                 EXPORT           DMA1_Channel6_IRQHandler     [W
EAK]
  207 0000001A                 EXPORT           DMA1_Channel7_IRQHandler     [W
EAK]
  208 0000001A                 EXPORT           ADC1_2_IRQHandler            [W
EAK]
  209 0000001A                 EXPORT           USBD1_HP_CAN1_TX_IRQHandler  [W
EAK]
  210 0000001A                 EXPORT           USBD1_LP_CAN1_RX0_IRQHandler [W
EAK]
  211 0000001A                 EXPORT           CAN1_RX1_IRQHandler          [W
EAK]
  212 0000001A                 EXPORT           CAN1_SCE_IRQHandler          [W
EAK]
  213 0000001A                 EXPORT           EINT9_5_IRQHandler           [W
EAK]
  214 0000001A                 EXPORT           TMR1_BRK_IRQHandler          [W
EAK]
  215 0000001A                 EXPORT           TMR1_UP_IRQHandler           [W
EAK]
  216 0000001A                 EXPORT           TMR1_TRG_COM_IRQHandler      [W
EAK]
  217 0000001A                 EXPORT           TMR1_CC_IRQHandler           [W
EAK]
  218 0000001A                 EXPORT           TMR2_IRQHandler              [W
EAK]
  219 0000001A                 EXPORT           TMR3_IRQHandler              [W
EAK]
  220 0000001A                 EXPORT           TMR4_IRQHandler              [W
EAK]
  221 0000001A                 EXPORT           I2C1_EV_IRQHandler           [W
EAK]
  222 0000001A                 EXPORT           I2C1_ER_IRQHandler           [W
EAK]
  223 0000001A                 EXPORT           I2C2_EV_IRQHandler           [W
EAK]
  224 0000001A                 EXPORT           I2C2_ER_IRQHandler           [W
EAK]
  225 0000001A                 EXPORT           SPI1_IRQHandler              [W
EAK]
  226 0000001A                 EXPORT           SPI2_IRQHandler              [W
EAK]
  227 0000001A                 EXPORT           USART1_IRQHandler            [W
EAK]
  228 0000001A                 EXPORT           USART2_IRQHandler            [W
EAK]
  229 0000001A                 EXPORT           USART3_IRQHandler            [W
EAK]
  230 0000001A                 EXPORT           EINT15_10_IRQHandler         [W
EAK]
  231 0000001A                 EXPORT           RTCAlarm_IRQHandler          [W
EAK]
  232 0000001A                 EXPORT           USBDWakeUp_IRQHandler        [W



ARM Macro Assembler    Page 7 


EAK]
  233 0000001A                 EXPORT           TMR8_BRK_IRQHandler          [W
EAK]
  234 0000001A                 EXPORT           TMR8_UP_IRQHandler           [W
EAK]
  235 0000001A                 EXPORT           TMR8_TRG_COM_IRQHandler      [W
EAK]
  236 0000001A                 EXPORT           TMR8_CC_IRQHandler           [W
EAK]
  237 0000001A                 EXPORT           ADC3_IRQHandler              [W
EAK]
  238 0000001A                 EXPORT           EMMC_IRQHandler              [W
EAK]
  239 0000001A                 EXPORT           SDIO_IRQHandler              [W
EAK]
  240 0000001A                 EXPORT           TMR5_IRQHandler              [W
EAK]
  241 0000001A                 EXPORT           SPI3_IRQHandler              [W
EAK]
  242 0000001A                 EXPORT           UART4_IRQHandler             [W
EAK]
  243 0000001A                 EXPORT           UART5_IRQHandler             [W
EAK]
  244 0000001A                 EXPORT           TMR6_IRQHandler              [W
EAK]
  245 0000001A                 EXPORT           TMR7_IRQHandler              [W
EAK]
  246 0000001A                 EXPORT           DMA2_Channel1_IRQHandler     [W
EAK]
  247 0000001A                 EXPORT           DMA2_Channel2_IRQHandler     [W
EAK]
  248 0000001A                 EXPORT           DMA2_Channel3_IRQHandler     [W
EAK]
  249 0000001A                 EXPORT           DMA2_Channel4_5_IRQHandler   [W
EAK]
  250 0000001A                 EXPORT           USBD2_HP_CAN2_TX_IRQHandler  [W
EAK]
  251 0000001A                 EXPORT           USBD2_LP_CAN2_RX0_IRQHandler [W
EAK]
  252 0000001A                 EXPORT           CAN2_RX1_IRQHandler          [W
EAK]
  253 0000001A                 EXPORT           CAN2_SCE_IRQHandler          [W
EAK]
  254 0000001A         
  255 0000001A         WWDT_IRQHandler
  256 0000001A         PVD_IRQHandler
  257 0000001A         TAMPER_IRQHandler
  258 0000001A         RTC_IRQHandler
  259 0000001A         FMC_IRQHandler
  260 0000001A         RCM_IRQHandler
  261 0000001A         EINT0_IRQHandler
  262 0000001A         EINT1_IRQHandler
  263 0000001A         EINT2_IRQHandler
  264 0000001A         EINT3_IRQHandler
  265 0000001A         EINT4_IRQHandler
  266 0000001A         DMA1_Channel1_IRQHandler
  267 0000001A         DMA1_Channel2_IRQHandler
  268 0000001A         DMA1_Channel3_IRQHandler
  269 0000001A         DMA1_Channel4_IRQHandler



ARM Macro Assembler    Page 8 


  270 0000001A         DMA1_Channel5_IRQHandler
  271 0000001A         DMA1_Channel6_IRQHandler
  272 0000001A         DMA1_Channel7_IRQHandler
  273 0000001A         ADC1_2_IRQHandler
  274 0000001A         USBD1_HP_CAN1_TX_IRQHandler
  275 0000001A         USBD1_LP_CAN1_RX0_IRQHandler
  276 0000001A         CAN1_RX1_IRQHandler
  277 0000001A         CAN1_SCE_IRQHandler
  278 0000001A         EINT9_5_IRQHandler
  279 0000001A         TMR1_BRK_IRQHandler
  280 0000001A         TMR1_UP_IRQHandler
  281 0000001A         TMR1_TRG_COM_IRQHandler
  282 0000001A         TMR1_CC_IRQHandler
  283 0000001A         TMR2_IRQHandler
  284 0000001A         TMR3_IRQHandler
  285 0000001A         TMR4_IRQHandler
  286 0000001A         I2C1_EV_IRQHandler
  287 0000001A         I2C1_ER_IRQHandler
  288 0000001A         I2C2_EV_IRQHandler
  289 0000001A         I2C2_ER_IRQHandler
  290 0000001A         SPI1_IRQHandler
  291 0000001A         SPI2_IRQHandler
  292 0000001A         USART1_IRQHandler
  293 0000001A         USART2_IRQHandler
  294 0000001A         USART3_IRQHandler
  295 0000001A         EINT15_10_IRQHandler
  296 0000001A         RTCAlarm_IRQHandler
  297 0000001A         USBDWakeUp_IRQHandler
  298 0000001A         TMR8_BRK_IRQHandler
  299 0000001A         TMR8_UP_IRQHandler
  300 0000001A         TMR8_TRG_COM_IRQHandler
  301 0000001A         TMR8_CC_IRQHandler
  302 0000001A         ADC3_IRQHandler
  303 0000001A         EMMC_IRQHandler
  304 0000001A         SDIO_IRQHandler
  305 0000001A         TMR5_IRQHandler
  306 0000001A         SPI3_IRQHandler
  307 0000001A         UART4_IRQHandler
  308 0000001A         UART5_IRQHandler
  309 0000001A         TMR6_IRQHandler
  310 0000001A         TMR7_IRQHandler
  311 0000001A         DMA2_Channel1_IRQHandler
  312 0000001A         DMA2_Channel2_IRQHandler
  313 0000001A         DMA2_Channel3_IRQHandler
  314 0000001A         DMA2_Channel4_5_IRQHandler
  315 0000001A         USBD2_HP_CAN2_TX_IRQHandler
  316 0000001A         USBD2_LP_CAN2_RX0_IRQHandler
  317 0000001A         CAN2_RX1_IRQHandler
  318 0000001A         CAN2_SCE_IRQHandler
  319 0000001A E7FE            B                .
  320 0000001C         
  321 0000001C                 ENDP
  322 0000001C         
  323 0000001C                 ALIGN
  324 0000001C         
  325 0000001C         ;*******************************************************
                       ************************
  326 0000001C         ; User Stack and Heap initialization
  327 0000001C         ;*******************************************************



ARM Macro Assembler    Page 9 


                       ************************
  328 0000001C                 IF               :DEF:__MICROLIB
  335 0000001C         
  336 0000001C                 IMPORT           __use_two_region_memory
  337 0000001C                 EXPORT           __user_initial_stackheap
  338 0000001C         
  339 0000001C         __user_initial_stackheap
  340 0000001C         
  341 0000001C 4804            LDR              R0, = Heap_Mem
  342 0000001E 4905            LDR              R1, = (Stack_Mem + Stack_Size)
  343 00000020 4A05            LDR              R2, = (Heap_Mem  + Heap_Size)
  344 00000022 4B06            LDR              R3, = Stack_Mem
  345 00000024 4770            BX               LR
  346 00000026         
  347 00000026 00 00           ALIGN
  348 00000028         
  349 00000028                 ENDIF
  350 00000028         
  351 00000028                 END
              00000000 
              00000000 
              00000000 
              00000400 
              00000200 
              00000000 
Command Line: --debug --xref --diag_suppress=9931 --cpu=Cortex-M3 --apcs=interw
ork --depend=.\objects\startup_apm32e10x_hd.d -o.\objects\startup_apm32e10x_hd.
o -I.\RTE\_APM32E103_MINI -IC:\MySofaware\MDK5\ARM\PACK\Geehy\APM32E1xx_DFP\1.0
.1\Device\Include -IC:\MySofaware\MDK5\ARM\CMSIS\Include --predefine="__UVISION
_VERSION SETA 525" --predefine="APM32E10X_HD SETA 1" --list=.\listings\startup_
apm32e10x_hd.lst ..\..\..\..\Library\Device\Geehy\APM32E10x\Source\ARM\startup_
apm32e10x_hd.s



ARM Macro Assembler    Page 1 Alphabetic symbol ordering
Relocatable symbols

STACK 00000000

Symbol: STACK
   Definitions
      At line 18 in file ..\..\..\..\Library\Device\Geehy\APM32E10x\Source\ARM\
startup_apm32e10x_hd.s
   Uses
      None
Comment: STACK unused
Stack_Mem 00000000

Symbol: Stack_Mem
   Definitions
      At line 19 in file ..\..\..\..\Library\Device\Geehy\APM32E10x\Source\ARM\
startup_apm32e10x_hd.s
   Uses
      At line 342 in file ..\..\..\..\Library\Device\Geehy\APM32E10x\Source\ARM
\startup_apm32e10x_hd.s
      At line 344 in file ..\..\..\..\Library\Device\Geehy\APM32E10x\Source\ARM
\startup_apm32e10x_hd.s

__initial_sp 00000400

Symbol: __initial_sp
   Definitions
      At line 20 in file ..\..\..\..\Library\Device\Geehy\APM32E10x\Source\ARM\
startup_apm32e10x_hd.s
   Uses
      At line 44 in file ..\..\..\..\Library\Device\Geehy\APM32E10x\Source\ARM\
startup_apm32e10x_hd.s
Comment: __initial_sp used once
3 symbols



ARM Macro Assembler    Page 1 Alphabetic symbol ordering
Relocatable symbols

HEAP 00000000

Symbol: HEAP
   Definitions
      At line 29 in file ..\..\..\..\Library\Device\Geehy\APM32E10x\Source\ARM\
startup_apm32e10x_hd.s
   Uses
      None
Comment: HEAP unused
Heap_Mem 00000000

Symbol: Heap_Mem
   Definitions
      At line 31 in file ..\..\..\..\Library\Device\Geehy\APM32E10x\Source\ARM\
startup_apm32e10x_hd.s
   Uses
      At line 341 in file ..\..\..\..\Library\Device\Geehy\APM32E10x\Source\ARM
\startup_apm32e10x_hd.s
      At line 343 in file ..\..\..\..\Library\Device\Geehy\APM32E10x\Source\ARM
\startup_apm32e10x_hd.s

__heap_base 00000000

Symbol: __heap_base
   Definitions
      At line 30 in file ..\..\..\..\Library\Device\Geehy\APM32E10x\Source\ARM\
startup_apm32e10x_hd.s
   Uses
      None
Comment: __heap_base unused
__heap_limit 00000200

Symbol: __heap_limit
   Definitions
      At line 32 in file ..\..\..\..\Library\Device\Geehy\APM32E10x\Source\ARM\
startup_apm32e10x_hd.s
   Uses
      None
Comment: __heap_limit unused
4 symbols



ARM Macro Assembler    Page 1 Alphabetic symbol ordering
Relocatable symbols

RESET 00000000

Symbol: RESET
   Definitions
      At line 39 in file ..\..\..\..\Library\Device\Geehy\APM32E10x\Source\ARM\
startup_apm32e10x_hd.s
   Uses
      None
Comment: RESET unused
__Vectors 00000000

Symbol: __Vectors
   Definitions
      At line 44 in file ..\..\..\..\Library\Device\Geehy\APM32E10x\Source\ARM\
startup_apm32e10x_hd.s
   Uses
      At line 40 in file ..\..\..\..\Library\Device\Geehy\APM32E10x\Source\ARM\
startup_apm32e10x_hd.s
      At line 129 in file ..\..\..\..\Library\Device\Geehy\APM32E10x\Source\ARM
\startup_apm32e10x_hd.s

__Vectors_End 00000144

Symbol: __Vectors_End
   Definitions
      At line 127 in file ..\..\..\..\Library\Device\Geehy\APM32E10x\Source\ARM
\startup_apm32e10x_hd.s
   Uses
      At line 41 in file ..\..\..\..\Library\Device\Geehy\APM32E10x\Source\ARM\
startup_apm32e10x_hd.s
      At line 129 in file ..\..\..\..\Library\Device\Geehy\APM32E10x\Source\ARM
\startup_apm32e10x_hd.s

3 symbols



ARM Macro Assembler    Page 1 Alphabetic symbol ordering
Relocatable symbols

.text 00000000

Symbol: .text
   Definitions
      At line 131 in file ..\..\..\..\Library\Device\Geehy\APM32E10x\Source\ARM
\startup_apm32e10x_hd.s
   Uses
      None
Comment: .text unused
ADC1_2_IRQHandler 0000001A

Symbol: ADC1_2_IRQHandler
   Definitions
      At line 273 in file ..\..\..\..\Library\Device\Geehy\APM32E10x\Source\ARM
\startup_apm32e10x_hd.s
   Uses
      At line 80 in file ..\..\..\..\Library\Device\Geehy\APM32E10x\Source\ARM\
startup_apm32e10x_hd.s
      At line 208 in file ..\..\..\..\Library\Device\Geehy\APM32E10x\Source\ARM
\startup_apm32e10x_hd.s

ADC3_IRQHandler 0000001A

Symbol: ADC3_IRQHandler
   Definitions
      At line 302 in file ..\..\..\..\Library\Device\Geehy\APM32E10x\Source\ARM
\startup_apm32e10x_hd.s
   Uses
      At line 109 in file ..\..\..\..\Library\Device\Geehy\APM32E10x\Source\ARM
\startup_apm32e10x_hd.s
      At line 237 in file ..\..\..\..\Library\Device\Geehy\APM32E10x\Source\ARM
\startup_apm32e10x_hd.s

BusFault_Handler 0000000E

Symbol: BusFault_Handler
   Definitions
      At line 161 in file ..\..\..\..\Library\Device\Geehy\APM32E10x\Source\ARM
\startup_apm32e10x_hd.s
   Uses
      At line 49 in file ..\..\..\..\Library\Device\Geehy\APM32E10x\Source\ARM\
startup_apm32e10x_hd.s
      At line 162 in file ..\..\..\..\Library\Device\Geehy\APM32E10x\Source\ARM
\startup_apm32e10x_hd.s

CAN1_RX1_IRQHandler 0000001A

Symbol: CAN1_RX1_IRQHandler
   Definitions
      At line 276 in file ..\..\..\..\Library\Device\Geehy\APM32E10x\Source\ARM
\startup_apm32e10x_hd.s
   Uses
      At line 83 in file ..\..\..\..\Library\Device\Geehy\APM32E10x\Source\ARM\
startup_apm32e10x_hd.s
      At line 211 in file ..\..\..\..\Library\Device\Geehy\APM32E10x\Source\ARM
\startup_apm32e10x_hd.s

CAN1_SCE_IRQHandler 0000001A




ARM Macro Assembler    Page 2 Alphabetic symbol ordering
Relocatable symbols

Symbol: CAN1_SCE_IRQHandler
   Definitions
      At line 277 in file ..\..\..\..\Library\Device\Geehy\APM32E10x\Source\ARM
\startup_apm32e10x_hd.s
   Uses
      At line 84 in file ..\..\..\..\Library\Device\Geehy\APM32E10x\Source\ARM\
startup_apm32e10x_hd.s
      At line 212 in file ..\..\..\..\Library\Device\Geehy\APM32E10x\Source\ARM
\startup_apm32e10x_hd.s

CAN2_RX1_IRQHandler 0000001A

Symbol: CAN2_RX1_IRQHandler
   Definitions
      At line 317 in file ..\..\..\..\Library\Device\Geehy\APM32E10x\Source\ARM
\startup_apm32e10x_hd.s
   Uses
      At line 125 in file ..\..\..\..\Library\Device\Geehy\APM32E10x\Source\ARM
\startup_apm32e10x_hd.s
      At line 252 in file ..\..\..\..\Library\Device\Geehy\APM32E10x\Source\ARM
\startup_apm32e10x_hd.s

CAN2_SCE_IRQHandler 0000001A

Symbol: CAN2_SCE_IRQHandler
   Definitions
      At line 318 in file ..\..\..\..\Library\Device\Geehy\APM32E10x\Source\ARM
\startup_apm32e10x_hd.s
   Uses
      At line 126 in file ..\..\..\..\Library\Device\Geehy\APM32E10x\Source\ARM
\startup_apm32e10x_hd.s
      At line 253 in file ..\..\..\..\Library\Device\Geehy\APM32E10x\Source\ARM
\startup_apm32e10x_hd.s

DMA1_Channel1_IRQHandler 0000001A

Symbol: DMA1_Channel1_IRQHandler
   Definitions
      At line 266 in file ..\..\..\..\Library\Device\Geehy\APM32E10x\Source\ARM
\startup_apm32e10x_hd.s
   Uses
      At line 73 in file ..\..\..\..\Library\Device\Geehy\APM32E10x\Source\ARM\
startup_apm32e10x_hd.s
      At line 201 in file ..\..\..\..\Library\Device\Geehy\APM32E10x\Source\ARM
\startup_apm32e10x_hd.s

DMA1_Channel2_IRQHandler 0000001A

Symbol: DMA1_Channel2_IRQHandler
   Definitions
      At line 267 in file ..\..\..\..\Library\Device\Geehy\APM32E10x\Source\ARM
\startup_apm32e10x_hd.s
   Uses
      At line 74 in file ..\..\..\..\Library\Device\Geehy\APM32E10x\Source\ARM\
startup_apm32e10x_hd.s
      At line 202 in file ..\..\..\..\Library\Device\Geehy\APM32E10x\Source\ARM
\startup_apm32e10x_hd.s

DMA1_Channel3_IRQHandler 0000001A



ARM Macro Assembler    Page 3 Alphabetic symbol ordering
Relocatable symbols


Symbol: DMA1_Channel3_IRQHandler
   Definitions
      At line 268 in file ..\..\..\..\Library\Device\Geehy\APM32E10x\Source\ARM
\startup_apm32e10x_hd.s
   Uses
      At line 75 in file ..\..\..\..\Library\Device\Geehy\APM32E10x\Source\ARM\
startup_apm32e10x_hd.s
      At line 203 in file ..\..\..\..\Library\Device\Geehy\APM32E10x\Source\ARM
\startup_apm32e10x_hd.s

DMA1_Channel4_IRQHandler 0000001A

Symbol: DMA1_Channel4_IRQHandler
   Definitions
      At line 269 in file ..\..\..\..\Library\Device\Geehy\APM32E10x\Source\ARM
\startup_apm32e10x_hd.s
   Uses
      At line 76 in file ..\..\..\..\Library\Device\Geehy\APM32E10x\Source\ARM\
startup_apm32e10x_hd.s
      At line 204 in file ..\..\..\..\Library\Device\Geehy\APM32E10x\Source\ARM
\startup_apm32e10x_hd.s

DMA1_Channel5_IRQHandler 0000001A

Symbol: DMA1_Channel5_IRQHandler
   Definitions
      At line 270 in file ..\..\..\..\Library\Device\Geehy\APM32E10x\Source\ARM
\startup_apm32e10x_hd.s
   Uses
      At line 77 in file ..\..\..\..\Library\Device\Geehy\APM32E10x\Source\ARM\
startup_apm32e10x_hd.s
      At line 205 in file ..\..\..\..\Library\Device\Geehy\APM32E10x\Source\ARM
\startup_apm32e10x_hd.s

DMA1_Channel6_IRQHandler 0000001A

Symbol: DMA1_Channel6_IRQHandler
   Definitions
      At line 271 in file ..\..\..\..\Library\Device\Geehy\APM32E10x\Source\ARM
\startup_apm32e10x_hd.s
   Uses
      At line 78 in file ..\..\..\..\Library\Device\Geehy\APM32E10x\Source\ARM\
startup_apm32e10x_hd.s
      At line 206 in file ..\..\..\..\Library\Device\Geehy\APM32E10x\Source\ARM
\startup_apm32e10x_hd.s

DMA1_Channel7_IRQHandler 0000001A

Symbol: DMA1_Channel7_IRQHandler
   Definitions
      At line 272 in file ..\..\..\..\Library\Device\Geehy\APM32E10x\Source\ARM
\startup_apm32e10x_hd.s
   Uses
      At line 79 in file ..\..\..\..\Library\Device\Geehy\APM32E10x\Source\ARM\
startup_apm32e10x_hd.s
      At line 207 in file ..\..\..\..\Library\Device\Geehy\APM32E10x\Source\ARM
\startup_apm32e10x_hd.s




ARM Macro Assembler    Page 4 Alphabetic symbol ordering
Relocatable symbols

DMA2_Channel1_IRQHandler 0000001A

Symbol: DMA2_Channel1_IRQHandler
   Definitions
      At line 311 in file ..\..\..\..\Library\Device\Geehy\APM32E10x\Source\ARM
\startup_apm32e10x_hd.s
   Uses
      At line 118 in file ..\..\..\..\Library\Device\Geehy\APM32E10x\Source\ARM
\startup_apm32e10x_hd.s
      At line 246 in file ..\..\..\..\Library\Device\Geehy\APM32E10x\Source\ARM
\startup_apm32e10x_hd.s

DMA2_Channel2_IRQHandler 0000001A

Symbol: DMA2_Channel2_IRQHandler
   Definitions
      At line 312 in file ..\..\..\..\Library\Device\Geehy\APM32E10x\Source\ARM
\startup_apm32e10x_hd.s
   Uses
      At line 119 in file ..\..\..\..\Library\Device\Geehy\APM32E10x\Source\ARM
\startup_apm32e10x_hd.s
      At line 247 in file ..\..\..\..\Library\Device\Geehy\APM32E10x\Source\ARM
\startup_apm32e10x_hd.s

DMA2_Channel3_IRQHandler 0000001A

Symbol: DMA2_Channel3_IRQHandler
   Definitions
      At line 313 in file ..\..\..\..\Library\Device\Geehy\APM32E10x\Source\ARM
\startup_apm32e10x_hd.s
   Uses
      At line 120 in file ..\..\..\..\Library\Device\Geehy\APM32E10x\Source\ARM
\startup_apm32e10x_hd.s
      At line 248 in file ..\..\..\..\Library\Device\Geehy\APM32E10x\Source\ARM
\startup_apm32e10x_hd.s

DMA2_Channel4_5_IRQHandler 0000001A

Symbol: DMA2_Channel4_5_IRQHandler
   Definitions
      At line 314 in file ..\..\..\..\Library\Device\Geehy\APM32E10x\Source\ARM
\startup_apm32e10x_hd.s
   Uses
      At line 121 in file ..\..\..\..\Library\Device\Geehy\APM32E10x\Source\ARM
\startup_apm32e10x_hd.s
      At line 249 in file ..\..\..\..\Library\Device\Geehy\APM32E10x\Source\ARM
\startup_apm32e10x_hd.s

DebugMon_Handler 00000014

Symbol: DebugMon_Handler
   Definitions
      At line 175 in file ..\..\..\..\Library\Device\Geehy\APM32E10x\Source\ARM
\startup_apm32e10x_hd.s
   Uses
      At line 56 in file ..\..\..\..\Library\Device\Geehy\APM32E10x\Source\ARM\
startup_apm32e10x_hd.s
      At line 176 in file ..\..\..\..\Library\Device\Geehy\APM32E10x\Source\ARM
\startup_apm32e10x_hd.s



ARM Macro Assembler    Page 5 Alphabetic symbol ordering
Relocatable symbols


Default_Handler 0000001A

Symbol: Default_Handler
   Definitions
      At line 188 in file ..\..\..\..\Library\Device\Geehy\APM32E10x\Source\ARM
\startup_apm32e10x_hd.s
   Uses
      None
Comment: Default_Handler unused
EINT0_IRQHandler 0000001A

Symbol: EINT0_IRQHandler
   Definitions
      At line 261 in file ..\..\..\..\Library\Device\Geehy\APM32E10x\Source\ARM
\startup_apm32e10x_hd.s
   Uses
      At line 68 in file ..\..\..\..\Library\Device\Geehy\APM32E10x\Source\ARM\
startup_apm32e10x_hd.s
      At line 196 in file ..\..\..\..\Library\Device\Geehy\APM32E10x\Source\ARM
\startup_apm32e10x_hd.s

EINT15_10_IRQHandler 0000001A

Symbol: EINT15_10_IRQHandler
   Definitions
      At line 295 in file ..\..\..\..\Library\Device\Geehy\APM32E10x\Source\ARM
\startup_apm32e10x_hd.s
   Uses
      At line 102 in file ..\..\..\..\Library\Device\Geehy\APM32E10x\Source\ARM
\startup_apm32e10x_hd.s
      At line 230 in file ..\..\..\..\Library\Device\Geehy\APM32E10x\Source\ARM
\startup_apm32e10x_hd.s

EINT1_IRQHandler 0000001A

Symbol: EINT1_IRQHandler
   Definitions
      At line 262 in file ..\..\..\..\Library\Device\Geehy\APM32E10x\Source\ARM
\startup_apm32e10x_hd.s
   Uses
      At line 69 in file ..\..\..\..\Library\Device\Geehy\APM32E10x\Source\ARM\
startup_apm32e10x_hd.s
      At line 197 in file ..\..\..\..\Library\Device\Geehy\APM32E10x\Source\ARM
\startup_apm32e10x_hd.s

EINT2_IRQHandler 0000001A

Symbol: EINT2_IRQHandler
   Definitions
      At line 263 in file ..\..\..\..\Library\Device\Geehy\APM32E10x\Source\ARM
\startup_apm32e10x_hd.s
   Uses
      At line 70 in file ..\..\..\..\Library\Device\Geehy\APM32E10x\Source\ARM\
startup_apm32e10x_hd.s
      At line 198 in file ..\..\..\..\Library\Device\Geehy\APM32E10x\Source\ARM
\startup_apm32e10x_hd.s

EINT3_IRQHandler 0000001A



ARM Macro Assembler    Page 6 Alphabetic symbol ordering
Relocatable symbols


Symbol: EINT3_IRQHandler
   Definitions
      At line 264 in file ..\..\..\..\Library\Device\Geehy\APM32E10x\Source\ARM
\startup_apm32e10x_hd.s
   Uses
      At line 71 in file ..\..\..\..\Library\Device\Geehy\APM32E10x\Source\ARM\
startup_apm32e10x_hd.s
      At line 199 in file ..\..\..\..\Library\Device\Geehy\APM32E10x\Source\ARM
\startup_apm32e10x_hd.s

EINT4_IRQHandler 0000001A

Symbol: EINT4_IRQHandler
   Definitions
      At line 265 in file ..\..\..\..\Library\Device\Geehy\APM32E10x\Source\ARM
\startup_apm32e10x_hd.s
   Uses
      At line 72 in file ..\..\..\..\Library\Device\Geehy\APM32E10x\Source\ARM\
startup_apm32e10x_hd.s
      At line 200 in file ..\..\..\..\Library\Device\Geehy\APM32E10x\Source\ARM
\startup_apm32e10x_hd.s

EINT9_5_IRQHandler 0000001A

Symbol: EINT9_5_IRQHandler
   Definitions
      At line 278 in file ..\..\..\..\Library\Device\Geehy\APM32E10x\Source\ARM
\startup_apm32e10x_hd.s
   Uses
      At line 85 in file ..\..\..\..\Library\Device\Geehy\APM32E10x\Source\ARM\
startup_apm32e10x_hd.s
      At line 213 in file ..\..\..\..\Library\Device\Geehy\APM32E10x\Source\ARM
\startup_apm32e10x_hd.s

EMMC_IRQHandler 0000001A

Symbol: EMMC_IRQHandler
   Definitions
      At line 303 in file ..\..\..\..\Library\Device\Geehy\APM32E10x\Source\ARM
\startup_apm32e10x_hd.s
   Uses
      At line 110 in file ..\..\..\..\Library\Device\Geehy\APM32E10x\Source\ARM
\startup_apm32e10x_hd.s
      At line 238 in file ..\..\..\..\Library\Device\Geehy\APM32E10x\Source\ARM
\startup_apm32e10x_hd.s

FMC_IRQHandler 0000001A

Symbol: FMC_IRQHandler
   Definitions
      At line 259 in file ..\..\..\..\Library\Device\Geehy\APM32E10x\Source\ARM
\startup_apm32e10x_hd.s
   Uses
      At line 66 in file ..\..\..\..\Library\Device\Geehy\APM32E10x\Source\ARM\
startup_apm32e10x_hd.s
      At line 194 in file ..\..\..\..\Library\Device\Geehy\APM32E10x\Source\ARM
\startup_apm32e10x_hd.s




ARM Macro Assembler    Page 7 Alphabetic symbol ordering
Relocatable symbols

HardFault_Handler 0000000A

Symbol: HardFault_Handler
   Definitions
      At line 151 in file ..\..\..\..\Library\Device\Geehy\APM32E10x\Source\ARM
\startup_apm32e10x_hd.s
   Uses
      At line 47 in file ..\..\..\..\Library\Device\Geehy\APM32E10x\Source\ARM\
startup_apm32e10x_hd.s
      At line 152 in file ..\..\..\..\Library\Device\Geehy\APM32E10x\Source\ARM
\startup_apm32e10x_hd.s

I2C1_ER_IRQHandler 0000001A

Symbol: I2C1_ER_IRQHandler
   Definitions
      At line 287 in file ..\..\..\..\Library\Device\Geehy\APM32E10x\Source\ARM
\startup_apm32e10x_hd.s
   Uses
      At line 94 in file ..\..\..\..\Library\Device\Geehy\APM32E10x\Source\ARM\
startup_apm32e10x_hd.s
      At line 222 in file ..\..\..\..\Library\Device\Geehy\APM32E10x\Source\ARM
\startup_apm32e10x_hd.s

I2C1_EV_IRQHandler 0000001A

Symbol: I2C1_EV_IRQHandler
   Definitions
      At line 286 in file ..\..\..\..\Library\Device\Geehy\APM32E10x\Source\ARM
\startup_apm32e10x_hd.s
   Uses
      At line 93 in file ..\..\..\..\Library\Device\Geehy\APM32E10x\Source\ARM\
startup_apm32e10x_hd.s
      At line 221 in file ..\..\..\..\Library\Device\Geehy\APM32E10x\Source\ARM
\startup_apm32e10x_hd.s

I2C2_ER_IRQHandler 0000001A

Symbol: I2C2_ER_IRQHandler
   Definitions
      At line 289 in file ..\..\..\..\Library\Device\Geehy\APM32E10x\Source\ARM
\startup_apm32e10x_hd.s
   Uses
      At line 96 in file ..\..\..\..\Library\Device\Geehy\APM32E10x\Source\ARM\
startup_apm32e10x_hd.s
      At line 224 in file ..\..\..\..\Library\Device\Geehy\APM32E10x\Source\ARM
\startup_apm32e10x_hd.s

I2C2_EV_IRQHandler 0000001A

Symbol: I2C2_EV_IRQHandler
   Definitions
      At line 288 in file ..\..\..\..\Library\Device\Geehy\APM32E10x\Source\ARM
\startup_apm32e10x_hd.s
   Uses
      At line 95 in file ..\..\..\..\Library\Device\Geehy\APM32E10x\Source\ARM\
startup_apm32e10x_hd.s
      At line 223 in file ..\..\..\..\Library\Device\Geehy\APM32E10x\Source\ARM
\startup_apm32e10x_hd.s



ARM Macro Assembler    Page 8 Alphabetic symbol ordering
Relocatable symbols


MemManage_Handler 0000000C

Symbol: MemManage_Handler
   Definitions
      At line 156 in file ..\..\..\..\Library\Device\Geehy\APM32E10x\Source\ARM
\startup_apm32e10x_hd.s
   Uses
      At line 48 in file ..\..\..\..\Library\Device\Geehy\APM32E10x\Source\ARM\
startup_apm32e10x_hd.s
      At line 157 in file ..\..\..\..\Library\Device\Geehy\APM32E10x\Source\ARM
\startup_apm32e10x_hd.s

NMI_Handler 00000008

Symbol: NMI_Handler
   Definitions
      At line 146 in file ..\..\..\..\Library\Device\Geehy\APM32E10x\Source\ARM
\startup_apm32e10x_hd.s
   Uses
      At line 46 in file ..\..\..\..\Library\Device\Geehy\APM32E10x\Source\ARM\
startup_apm32e10x_hd.s
      At line 147 in file ..\..\..\..\Library\Device\Geehy\APM32E10x\Source\ARM
\startup_apm32e10x_hd.s

PVD_IRQHandler 0000001A

Symbol: PVD_IRQHandler
   Definitions
      At line 256 in file ..\..\..\..\Library\Device\Geehy\APM32E10x\Source\ARM
\startup_apm32e10x_hd.s
   Uses
      At line 63 in file ..\..\..\..\Library\Device\Geehy\APM32E10x\Source\ARM\
startup_apm32e10x_hd.s
      At line 191 in file ..\..\..\..\Library\Device\Geehy\APM32E10x\Source\ARM
\startup_apm32e10x_hd.s

PendSV_Handler 00000016

Symbol: PendSV_Handler
   Definitions
      At line 179 in file ..\..\..\..\Library\Device\Geehy\APM32E10x\Source\ARM
\startup_apm32e10x_hd.s
   Uses
      At line 58 in file ..\..\..\..\Library\Device\Geehy\APM32E10x\Source\ARM\
startup_apm32e10x_hd.s
      At line 180 in file ..\..\..\..\Library\Device\Geehy\APM32E10x\Source\ARM
\startup_apm32e10x_hd.s

RCM_IRQHandler 0000001A

Symbol: RCM_IRQHandler
   Definitions
      At line 260 in file ..\..\..\..\Library\Device\Geehy\APM32E10x\Source\ARM
\startup_apm32e10x_hd.s
   Uses
      At line 67 in file ..\..\..\..\Library\Device\Geehy\APM32E10x\Source\ARM\
startup_apm32e10x_hd.s
      At line 195 in file ..\..\..\..\Library\Device\Geehy\APM32E10x\Source\ARM



ARM Macro Assembler    Page 9 Alphabetic symbol ordering
Relocatable symbols

\startup_apm32e10x_hd.s

RTCAlarm_IRQHandler 0000001A

Symbol: RTCAlarm_IRQHandler
   Definitions
      At line 296 in file ..\..\..\..\Library\Device\Geehy\APM32E10x\Source\ARM
\startup_apm32e10x_hd.s
   Uses
      At line 103 in file ..\..\..\..\Library\Device\Geehy\APM32E10x\Source\ARM
\startup_apm32e10x_hd.s
      At line 231 in file ..\..\..\..\Library\Device\Geehy\APM32E10x\Source\ARM
\startup_apm32e10x_hd.s

RTC_IRQHandler 0000001A

Symbol: RTC_IRQHandler
   Definitions
      At line 258 in file ..\..\..\..\Library\Device\Geehy\APM32E10x\Source\ARM
\startup_apm32e10x_hd.s
   Uses
      At line 65 in file ..\..\..\..\Library\Device\Geehy\APM32E10x\Source\ARM\
startup_apm32e10x_hd.s
      At line 193 in file ..\..\..\..\Library\Device\Geehy\APM32E10x\Source\ARM
\startup_apm32e10x_hd.s

Reset_Handler 00000000

Symbol: Reset_Handler
   Definitions
      At line 134 in file ..\..\..\..\Library\Device\Geehy\APM32E10x\Source\ARM
\startup_apm32e10x_hd.s
   Uses
      At line 45 in file ..\..\..\..\Library\Device\Geehy\APM32E10x\Source\ARM\
startup_apm32e10x_hd.s
      At line 135 in file ..\..\..\..\Library\Device\Geehy\APM32E10x\Source\ARM
\startup_apm32e10x_hd.s

SDIO_IRQHandler 0000001A

Symbol: SDIO_IRQHandler
   Definitions
      At line 304 in file ..\..\..\..\Library\Device\Geehy\APM32E10x\Source\ARM
\startup_apm32e10x_hd.s
   Uses
      At line 111 in file ..\..\..\..\Library\Device\Geehy\APM32E10x\Source\ARM
\startup_apm32e10x_hd.s
      At line 239 in file ..\..\..\..\Library\Device\Geehy\APM32E10x\Source\ARM
\startup_apm32e10x_hd.s

SPI1_IRQHandler 0000001A

Symbol: SPI1_IRQHandler
   Definitions
      At line 290 in file ..\..\..\..\Library\Device\Geehy\APM32E10x\Source\ARM
\startup_apm32e10x_hd.s
   Uses
      At line 97 in file ..\..\..\..\Library\Device\Geehy\APM32E10x\Source\ARM\
startup_apm32e10x_hd.s



ARM Macro Assembler    Page 10 Alphabetic symbol ordering
Relocatable symbols

      At line 225 in file ..\..\..\..\Library\Device\Geehy\APM32E10x\Source\ARM
\startup_apm32e10x_hd.s

SPI2_IRQHandler 0000001A

Symbol: SPI2_IRQHandler
   Definitions
      At line 291 in file ..\..\..\..\Library\Device\Geehy\APM32E10x\Source\ARM
\startup_apm32e10x_hd.s
   Uses
      At line 98 in file ..\..\..\..\Library\Device\Geehy\APM32E10x\Source\ARM\
startup_apm32e10x_hd.s
      At line 226 in file ..\..\..\..\Library\Device\Geehy\APM32E10x\Source\ARM
\startup_apm32e10x_hd.s

SPI3_IRQHandler 0000001A

Symbol: SPI3_IRQHandler
   Definitions
      At line 306 in file ..\..\..\..\Library\Device\Geehy\APM32E10x\Source\ARM
\startup_apm32e10x_hd.s
   Uses
      At line 113 in file ..\..\..\..\Library\Device\Geehy\APM32E10x\Source\ARM
\startup_apm32e10x_hd.s
      At line 241 in file ..\..\..\..\Library\Device\Geehy\APM32E10x\Source\ARM
\startup_apm32e10x_hd.s

SVC_Handler 00000012

Symbol: SVC_Handler
   Definitions
      At line 170 in file ..\..\..\..\Library\Device\Geehy\APM32E10x\Source\ARM
\startup_apm32e10x_hd.s
   Uses
      At line 55 in file ..\..\..\..\Library\Device\Geehy\APM32E10x\Source\ARM\
startup_apm32e10x_hd.s
      At line 171 in file ..\..\..\..\Library\Device\Geehy\APM32E10x\Source\ARM
\startup_apm32e10x_hd.s

SysTick_Handler 00000018

Symbol: SysTick_Handler
   Definitions
      At line 183 in file ..\..\..\..\Library\Device\Geehy\APM32E10x\Source\ARM
\startup_apm32e10x_hd.s
   Uses
      At line 59 in file ..\..\..\..\Library\Device\Geehy\APM32E10x\Source\ARM\
startup_apm32e10x_hd.s
      At line 184 in file ..\..\..\..\Library\Device\Geehy\APM32E10x\Source\ARM
\startup_apm32e10x_hd.s

TAMPER_IRQHandler 0000001A

Symbol: TAMPER_IRQHandler
   Definitions
      At line 257 in file ..\..\..\..\Library\Device\Geehy\APM32E10x\Source\ARM
\startup_apm32e10x_hd.s
   Uses
      At line 64 in file ..\..\..\..\Library\Device\Geehy\APM32E10x\Source\ARM\



ARM Macro Assembler    Page 11 Alphabetic symbol ordering
Relocatable symbols

startup_apm32e10x_hd.s
      At line 192 in file ..\..\..\..\Library\Device\Geehy\APM32E10x\Source\ARM
\startup_apm32e10x_hd.s

TMR1_BRK_IRQHandler 0000001A

Symbol: TMR1_BRK_IRQHandler
   Definitions
      At line 279 in file ..\..\..\..\Library\Device\Geehy\APM32E10x\Source\ARM
\startup_apm32e10x_hd.s
   Uses
      At line 86 in file ..\..\..\..\Library\Device\Geehy\APM32E10x\Source\ARM\
startup_apm32e10x_hd.s
      At line 214 in file ..\..\..\..\Library\Device\Geehy\APM32E10x\Source\ARM
\startup_apm32e10x_hd.s

TMR1_CC_IRQHandler 0000001A

Symbol: TMR1_CC_IRQHandler
   Definitions
      At line 282 in file ..\..\..\..\Library\Device\Geehy\APM32E10x\Source\ARM
\startup_apm32e10x_hd.s
   Uses
      At line 89 in file ..\..\..\..\Library\Device\Geehy\APM32E10x\Source\ARM\
startup_apm32e10x_hd.s
      At line 217 in file ..\..\..\..\Library\Device\Geehy\APM32E10x\Source\ARM
\startup_apm32e10x_hd.s

TMR1_TRG_COM_IRQHandler 0000001A

Symbol: TMR1_TRG_COM_IRQHandler
   Definitions
      At line 281 in file ..\..\..\..\Library\Device\Geehy\APM32E10x\Source\ARM
\startup_apm32e10x_hd.s
   Uses
      At line 88 in file ..\..\..\..\Library\Device\Geehy\APM32E10x\Source\ARM\
startup_apm32e10x_hd.s
      At line 216 in file ..\..\..\..\Library\Device\Geehy\APM32E10x\Source\ARM
\startup_apm32e10x_hd.s

TMR1_UP_IRQHandler 0000001A

Symbol: TMR1_UP_IRQHandler
   Definitions
      At line 280 in file ..\..\..\..\Library\Device\Geehy\APM32E10x\Source\ARM
\startup_apm32e10x_hd.s
   Uses
      At line 87 in file ..\..\..\..\Library\Device\Geehy\APM32E10x\Source\ARM\
startup_apm32e10x_hd.s
      At line 215 in file ..\..\..\..\Library\Device\Geehy\APM32E10x\Source\ARM
\startup_apm32e10x_hd.s

TMR2_IRQHandler 0000001A

Symbol: TMR2_IRQHandler
   Definitions
      At line 283 in file ..\..\..\..\Library\Device\Geehy\APM32E10x\Source\ARM
\startup_apm32e10x_hd.s
   Uses



ARM Macro Assembler    Page 12 Alphabetic symbol ordering
Relocatable symbols

      At line 90 in file ..\..\..\..\Library\Device\Geehy\APM32E10x\Source\ARM\
startup_apm32e10x_hd.s
      At line 218 in file ..\..\..\..\Library\Device\Geehy\APM32E10x\Source\ARM
\startup_apm32e10x_hd.s

TMR3_IRQHandler 0000001A

Symbol: TMR3_IRQHandler
   Definitions
      At line 284 in file ..\..\..\..\Library\Device\Geehy\APM32E10x\Source\ARM
\startup_apm32e10x_hd.s
   Uses
      At line 91 in file ..\..\..\..\Library\Device\Geehy\APM32E10x\Source\ARM\
startup_apm32e10x_hd.s
      At line 219 in file ..\..\..\..\Library\Device\Geehy\APM32E10x\Source\ARM
\startup_apm32e10x_hd.s

TMR4_IRQHandler 0000001A

Symbol: TMR4_IRQHandler
   Definitions
      At line 285 in file ..\..\..\..\Library\Device\Geehy\APM32E10x\Source\ARM
\startup_apm32e10x_hd.s
   Uses
      At line 92 in file ..\..\..\..\Library\Device\Geehy\APM32E10x\Source\ARM\
startup_apm32e10x_hd.s
      At line 220 in file ..\..\..\..\Library\Device\Geehy\APM32E10x\Source\ARM
\startup_apm32e10x_hd.s

TMR5_IRQHandler 0000001A

Symbol: TMR5_IRQHandler
   Definitions
      At line 305 in file ..\..\..\..\Library\Device\Geehy\APM32E10x\Source\ARM
\startup_apm32e10x_hd.s
   Uses
      At line 112 in file ..\..\..\..\Library\Device\Geehy\APM32E10x\Source\ARM
\startup_apm32e10x_hd.s
      At line 240 in file ..\..\..\..\Library\Device\Geehy\APM32E10x\Source\ARM
\startup_apm32e10x_hd.s

TMR6_IRQHandler 0000001A

Symbol: TMR6_IRQHandler
   Definitions
      At line 309 in file ..\..\..\..\Library\Device\Geehy\APM32E10x\Source\ARM
\startup_apm32e10x_hd.s
   Uses
      At line 116 in file ..\..\..\..\Library\Device\Geehy\APM32E10x\Source\ARM
\startup_apm32e10x_hd.s
      At line 244 in file ..\..\..\..\Library\Device\Geehy\APM32E10x\Source\ARM
\startup_apm32e10x_hd.s

TMR7_IRQHandler 0000001A

Symbol: TMR7_IRQHandler
   Definitions
      At line 310 in file ..\..\..\..\Library\Device\Geehy\APM32E10x\Source\ARM
\startup_apm32e10x_hd.s



ARM Macro Assembler    Page 13 Alphabetic symbol ordering
Relocatable symbols

   Uses
      At line 117 in file ..\..\..\..\Library\Device\Geehy\APM32E10x\Source\ARM
\startup_apm32e10x_hd.s
      At line 245 in file ..\..\..\..\Library\Device\Geehy\APM32E10x\Source\ARM
\startup_apm32e10x_hd.s

TMR8_BRK_IRQHandler 0000001A

Symbol: TMR8_BRK_IRQHandler
   Definitions
      At line 298 in file ..\..\..\..\Library\Device\Geehy\APM32E10x\Source\ARM
\startup_apm32e10x_hd.s
   Uses
      At line 105 in file ..\..\..\..\Library\Device\Geehy\APM32E10x\Source\ARM
\startup_apm32e10x_hd.s
      At line 233 in file ..\..\..\..\Library\Device\Geehy\APM32E10x\Source\ARM
\startup_apm32e10x_hd.s

TMR8_CC_IRQHandler 0000001A

Symbol: TMR8_CC_IRQHandler
   Definitions
      At line 301 in file ..\..\..\..\Library\Device\Geehy\APM32E10x\Source\ARM
\startup_apm32e10x_hd.s
   Uses
      At line 108 in file ..\..\..\..\Library\Device\Geehy\APM32E10x\Source\ARM
\startup_apm32e10x_hd.s
      At line 236 in file ..\..\..\..\Library\Device\Geehy\APM32E10x\Source\ARM
\startup_apm32e10x_hd.s

TMR8_TRG_COM_IRQHandler 0000001A

Symbol: TMR8_TRG_COM_IRQHandler
   Definitions
      At line 300 in file ..\..\..\..\Library\Device\Geehy\APM32E10x\Source\ARM
\startup_apm32e10x_hd.s
   Uses
      At line 107 in file ..\..\..\..\Library\Device\Geehy\APM32E10x\Source\ARM
\startup_apm32e10x_hd.s
      At line 235 in file ..\..\..\..\Library\Device\Geehy\APM32E10x\Source\ARM
\startup_apm32e10x_hd.s

TMR8_UP_IRQHandler 0000001A

Symbol: TMR8_UP_IRQHandler
   Definitions
      At line 299 in file ..\..\..\..\Library\Device\Geehy\APM32E10x\Source\ARM
\startup_apm32e10x_hd.s
   Uses
      At line 106 in file ..\..\..\..\Library\Device\Geehy\APM32E10x\Source\ARM
\startup_apm32e10x_hd.s
      At line 234 in file ..\..\..\..\Library\Device\Geehy\APM32E10x\Source\ARM
\startup_apm32e10x_hd.s

UART4_IRQHandler 0000001A

Symbol: UART4_IRQHandler
   Definitions
      At line 307 in file ..\..\..\..\Library\Device\Geehy\APM32E10x\Source\ARM



ARM Macro Assembler    Page 14 Alphabetic symbol ordering
Relocatable symbols

\startup_apm32e10x_hd.s
   Uses
      At line 114 in file ..\..\..\..\Library\Device\Geehy\APM32E10x\Source\ARM
\startup_apm32e10x_hd.s
      At line 242 in file ..\..\..\..\Library\Device\Geehy\APM32E10x\Source\ARM
\startup_apm32e10x_hd.s

UART5_IRQHandler 0000001A

Symbol: UART5_IRQHandler
   Definitions
      At line 308 in file ..\..\..\..\Library\Device\Geehy\APM32E10x\Source\ARM
\startup_apm32e10x_hd.s
   Uses
      At line 115 in file ..\..\..\..\Library\Device\Geehy\APM32E10x\Source\ARM
\startup_apm32e10x_hd.s
      At line 243 in file ..\..\..\..\Library\Device\Geehy\APM32E10x\Source\ARM
\startup_apm32e10x_hd.s

USART1_IRQHandler 0000001A

Symbol: USART1_IRQHandler
   Definitions
      At line 292 in file ..\..\..\..\Library\Device\Geehy\APM32E10x\Source\ARM
\startup_apm32e10x_hd.s
   Uses
      At line 99 in file ..\..\..\..\Library\Device\Geehy\APM32E10x\Source\ARM\
startup_apm32e10x_hd.s
      At line 227 in file ..\..\..\..\Library\Device\Geehy\APM32E10x\Source\ARM
\startup_apm32e10x_hd.s

USART2_IRQHandler 0000001A

Symbol: USART2_IRQHandler
   Definitions
      At line 293 in file ..\..\..\..\Library\Device\Geehy\APM32E10x\Source\ARM
\startup_apm32e10x_hd.s
   Uses
      At line 100 in file ..\..\..\..\Library\Device\Geehy\APM32E10x\Source\ARM
\startup_apm32e10x_hd.s
      At line 228 in file ..\..\..\..\Library\Device\Geehy\APM32E10x\Source\ARM
\startup_apm32e10x_hd.s

USART3_IRQHandler 0000001A

Symbol: USART3_IRQHandler
   Definitions
      At line 294 in file ..\..\..\..\Library\Device\Geehy\APM32E10x\Source\ARM
\startup_apm32e10x_hd.s
   Uses
      At line 101 in file ..\..\..\..\Library\Device\Geehy\APM32E10x\Source\ARM
\startup_apm32e10x_hd.s
      At line 229 in file ..\..\..\..\Library\Device\Geehy\APM32E10x\Source\ARM
\startup_apm32e10x_hd.s

USBD1_HP_CAN1_TX_IRQHandler 0000001A

Symbol: USBD1_HP_CAN1_TX_IRQHandler
   Definitions



ARM Macro Assembler    Page 15 Alphabetic symbol ordering
Relocatable symbols

      At line 274 in file ..\..\..\..\Library\Device\Geehy\APM32E10x\Source\ARM
\startup_apm32e10x_hd.s
   Uses
      At line 81 in file ..\..\..\..\Library\Device\Geehy\APM32E10x\Source\ARM\
startup_apm32e10x_hd.s
      At line 209 in file ..\..\..\..\Library\Device\Geehy\APM32E10x\Source\ARM
\startup_apm32e10x_hd.s

USBD1_LP_CAN1_RX0_IRQHandler 0000001A

Symbol: USBD1_LP_CAN1_RX0_IRQHandler
   Definitions
      At line 275 in file ..\..\..\..\Library\Device\Geehy\APM32E10x\Source\ARM
\startup_apm32e10x_hd.s
   Uses
      At line 82 in file ..\..\..\..\Library\Device\Geehy\APM32E10x\Source\ARM\
startup_apm32e10x_hd.s
      At line 210 in file ..\..\..\..\Library\Device\Geehy\APM32E10x\Source\ARM
\startup_apm32e10x_hd.s

USBD2_HP_CAN2_TX_IRQHandler 0000001A

Symbol: USBD2_HP_CAN2_TX_IRQHandler
   Definitions
      At line 315 in file ..\..\..\..\Library\Device\Geehy\APM32E10x\Source\ARM
\startup_apm32e10x_hd.s
   Uses
      At line 123 in file ..\..\..\..\Library\Device\Geehy\APM32E10x\Source\ARM
\startup_apm32e10x_hd.s
      At line 250 in file ..\..\..\..\Library\Device\Geehy\APM32E10x\Source\ARM
\startup_apm32e10x_hd.s

USBD2_LP_CAN2_RX0_IRQHandler 0000001A

Symbol: USBD2_LP_CAN2_RX0_IRQHandler
   Definitions
      At line 316 in file ..\..\..\..\Library\Device\Geehy\APM32E10x\Source\ARM
\startup_apm32e10x_hd.s
   Uses
      At line 124 in file ..\..\..\..\Library\Device\Geehy\APM32E10x\Source\ARM
\startup_apm32e10x_hd.s
      At line 251 in file ..\..\..\..\Library\Device\Geehy\APM32E10x\Source\ARM
\startup_apm32e10x_hd.s

USBDWakeUp_IRQHandler 0000001A

Symbol: USBDWakeUp_IRQHandler
   Definitions
      At line 297 in file ..\..\..\..\Library\Device\Geehy\APM32E10x\Source\ARM
\startup_apm32e10x_hd.s
   Uses
      At line 104 in file ..\..\..\..\Library\Device\Geehy\APM32E10x\Source\ARM
\startup_apm32e10x_hd.s
      At line 232 in file ..\..\..\..\Library\Device\Geehy\APM32E10x\Source\ARM
\startup_apm32e10x_hd.s

UsageFault_Handler 00000010

Symbol: UsageFault_Handler



ARM Macro Assembler    Page 16 Alphabetic symbol ordering
Relocatable symbols

   Definitions
      At line 166 in file ..\..\..\..\Library\Device\Geehy\APM32E10x\Source\ARM
\startup_apm32e10x_hd.s
   Uses
      At line 50 in file ..\..\..\..\Library\Device\Geehy\APM32E10x\Source\ARM\
startup_apm32e10x_hd.s
      At line 167 in file ..\..\..\..\Library\Device\Geehy\APM32E10x\Source\ARM
\startup_apm32e10x_hd.s

WWDT_IRQHandler 0000001A

Symbol: WWDT_IRQHandler
   Definitions
      At line 255 in file ..\..\..\..\Library\Device\Geehy\APM32E10x\Source\ARM
\startup_apm32e10x_hd.s
   Uses
      At line 62 in file ..\..\..\..\Library\Device\Geehy\APM32E10x\Source\ARM\
startup_apm32e10x_hd.s
      At line 190 in file ..\..\..\..\Library\Device\Geehy\APM32E10x\Source\ARM
\startup_apm32e10x_hd.s

__user_initial_stackheap 0000001C

Symbol: __user_initial_stackheap
   Definitions
      At line 339 in file ..\..\..\..\Library\Device\Geehy\APM32E10x\Source\ARM
\startup_apm32e10x_hd.s
   Uses
      At line 337 in file ..\..\..\..\Library\Device\Geehy\APM32E10x\Source\ARM
\startup_apm32e10x_hd.s
Comment: __user_initial_stackheap used once
77 symbols



ARM Macro Assembler    Page 1 Alphabetic symbol ordering
Absolute symbols

Heap_Size 00000200

Symbol: Heap_Size
   Definitions
      At line 27 in file ..\..\..\..\Library\Device\Geehy\APM32E10x\Source\ARM\
startup_apm32e10x_hd.s
   Uses
      At line 31 in file ..\..\..\..\Library\Device\Geehy\APM32E10x\Source\ARM\
startup_apm32e10x_hd.s
      At line 343 in file ..\..\..\..\Library\Device\Geehy\APM32E10x\Source\ARM
\startup_apm32e10x_hd.s

Stack_Size 00000400

Symbol: Stack_Size
   Definitions
      At line 16 in file ..\..\..\..\Library\Device\Geehy\APM32E10x\Source\ARM\
startup_apm32e10x_hd.s
   Uses
      At line 19 in file ..\..\..\..\Library\Device\Geehy\APM32E10x\Source\ARM\
startup_apm32e10x_hd.s
      At line 342 in file ..\..\..\..\Library\Device\Geehy\APM32E10x\Source\ARM
\startup_apm32e10x_hd.s

__Vectors_Size 00000144

Symbol: __Vectors_Size
   Definitions
      At line 129 in file ..\..\..\..\Library\Device\Geehy\APM32E10x\Source\ARM
\startup_apm32e10x_hd.s
   Uses
      At line 42 in file ..\..\..\..\Library\Device\Geehy\APM32E10x\Source\ARM\
startup_apm32e10x_hd.s
Comment: __Vectors_Size used once
3 symbols



ARM Macro Assembler    Page 1 Alphabetic symbol ordering
External symbols

SystemInit 00000000

Symbol: SystemInit
   Definitions
      At line 137 in file ..\..\..\..\Library\Device\Geehy\APM32E10x\Source\ARM
\startup_apm32e10x_hd.s
   Uses
      At line 138 in file ..\..\..\..\Library\Device\Geehy\APM32E10x\Source\ARM
\startup_apm32e10x_hd.s
Comment: SystemInit used once
__main 00000000

Symbol: __main
   Definitions
      At line 136 in file ..\..\..\..\Library\Device\Geehy\APM32E10x\Source\ARM
\startup_apm32e10x_hd.s
   Uses
      At line 140 in file ..\..\..\..\Library\Device\Geehy\APM32E10x\Source\ARM
\startup_apm32e10x_hd.s
Comment: __main used once
__use_two_region_memory 00000000

Symbol: __use_two_region_memory
   Definitions
      At line 336 in file ..\..\..\..\Library\Device\Geehy\APM32E10x\Source\ARM
\startup_apm32e10x_hd.s
   Uses
      None
Comment: __use_two_region_memory unused
3 symbols
429 symbols in table
